[Bootstrap]
SetupTitle=Install
SetupText=Copying Files, please stand by.
CabFile=Paperless Cell.CAB
Spawn=Setup1.exe
Uninstal=st6unst.exe
TmpDir=msftqws.pdw
Cabs=1

[Bootstrap Files]
File1=@VB6STKIT.DLL,$(WinSysPathSysFile),,,7/15/00 12:00:00 AM,101888,6.0.84.50
File2=@COMCAT.DLL,$(WinSysPathSysFile),$(DLLSelfRegister),,5/30/98 11:00:00 PM,22288,4.71.1460.1
File3=@asycfilt.dll,$(WinSysPathSysFile),,,3/5/10 9:37:40 AM,65536,5.1.2600.5949
File4=@olepro32.dll,$(WinSysPathSysFile),$(DLLSelfRegister),,4/14/08 5:42:04 AM,84992,5.1.2600.5512
File5=@oleaut32.dll,$(WinSysPathSysFile),$(DLLSelfRegister),,12/20/10 12:32:15 PM,551936,5.1.2600.6058
File6=@stdole2.tlb,$(WinSysPathSysFile),$(TLBRegister),,4/13/08 9:12:08 PM,16896,5.1.2600.5512
File7=@msvbvm60.dll,$(WinSysPathSysFile),$(DLLSelfRegister),,4/14/08 5:42:02 AM,1384479,6.0.98.2

[IconGroups]
Group0=Paperless Cell
PrivateGroup0=True
Parent0=$(Programs)

[Paperless Cell]
Icon1=""Paperless Cell.exe""
Title1=Paperless Cell
StartIn1=$(AppPath)

[Setup]
Title=Paperless Cell
DefaultDir=$(ProgramFiles)\Paperless Cell
AppExe=Paperless Cell.exe
AppToUninstall=Paperless Cell.exe

[Setup1 Files]
File1=@MDAC_TYP.EXE,$(AppPath),,,6/25/98 11:00:00 PM,8124720,4.71.1015.0
File2=@DigitBox.ocx,$(WinSysPath),$(DLLSelfRegister),$(Shared),2/2/13 5:05:12 PM,61440,1.0.0.0
File3=@LED.ocx,$(WinSysPath),$(DLLSelfRegister),$(Shared),2/2/13 5:17:54 PM,32768,5.0.0.0
File4=@MSWINSCK.OCX,$(WinSysPath),$(DLLSelfRegister),$(Shared),6/23/98 11:00:00 PM,108336,6.0.81.69
File5=@MSCOMCTL.OCX,$(WinSysPath),$(DLLSelfRegister),$(Shared),4/15/05 7:58:16 PM,1071088,6.1.97.86
File6=@vbalIml6.ocx,$(WinSysPath),$(DLLSelfRegister),$(Shared),4/1/03 7:36:00 AM,94208,2.0.0.1
File7=@vbalLBar6.ocx,$(WinSysPath),$(DLLSelfRegister),$(Shared),2/17/03 10:24:00 PM,147456,1.0.0.29
File8=@COMCT332.OCX,$(WinSysPath),$(DLLSelfRegister),$(Shared),3/9/04 12:00:00 AM,416528,6.7.0.9782
File9=@mscomct2.ocx,$(WinSysPath),$(DLLSelfRegister),$(Shared),3/9/04 4:45:42 PM,662288,6.1.97.82
File10=@msvcrt.dll,$(WinSysPathSysFile),,,4/14/08 5:42:02 AM,343040,7.0.2600.5512
File11=@scrrun.dll,$(WinSysPath),$(DLLSelfRegister),$(Shared),5/9/08 5:53:40 AM,172032,5.7.0.18066
File12=@AcroPDF.dll,$(WinSysPath),$(DLLSelfRegister),$(Shared),10/22/06 11:09:20 PM,632432,8.0.0.0
File13=@wmp.dll,$(AppPath),,,8/25/10 10:36:02 PM,10841088,11.0.5721.5280
File14=@usp10.dll,$(WinSysPath),,$(Shared),4/16/10 10:36:56 AM,406016,1.420.2600.5969
File15=@GdiPlus.dll,$(CommonFiles)\Business Objects\3.0\bin,,$(Shared),8/4/04 7:00:00 AM,1712128,5.1.3102.2180
File16=@craxdrt.dll,$(CommonFiles)\Business Objects\3.0\bin,$(dllSelfRegister),$(Shared),5/9/06 2:18:54 AM,8203776,11.0.0.2106
File17=@crviewer.dll,$(CommonFiles)\Business Objects\3.0\crystalreportviewers11\ActiveXControls,$(DLLSelfRegister),$(Shared),3/19/06 9:51:36 AM,1300792,11.0.0.2055
File18=@Paperless Cell.exe,$(AppPath),,,3/7/13 9:30:34 AM,200704,1.5.0.0

; The following lines may be deleted in order to obtain extra 
; space for customizing this file on a full installation diskette.
; 
; XXXXXXXXXXXXXXXXXXXXXXXXXXXXXXXXXXXXXXXXXXXXXXXXXXXXXXXXXXXX
; XXXXXXXXXXXXXXXXXXXXXXXXXXXXXXXXXXXXXXXXXXXXXXXXXXXXXXXXXXXX
; XXXXXXXXXXXXXXXXXXXXXXXXXXXXXXXXXXXXXXXXXXXXXXXXXXXXXXXXXXXX
; XXXXXXXXXXXXXXXXXXXXXXXXXXXXXXXXXXXXXXXXXXXXXXXXXXXXXXXXXXXX
; XXXXXXXXXXXXXXXXXXXXXXXXXXXXXXXXXXXXXXXXXXXXXXXXXXXXXXXXXXXX
; XXXXXXXXXXXXXXXXXXXXXXXXXXXXXXXXXXXXXXXXXXXXXXXXXXXXXXXXXXXX
; XXXXXXXXXXXXXXXXXXXXXXXXXXXXXXXXXXXXXXXXXXXXXXXXXXXXXXXXXXXX
; XXXXXXXXXXXXXXXXXXXXXXXXXXXXXXXXXXXXXXXXXXXXXXXXXXXXXXXXXXXX
; XXXXXXXXXXXXXXXXXXXXXXXXXXXXXXXXXXXXXXXXXXXXXXXXXXXXXXXXXXXX
; XXXXXXXXXXXXXXXXXXXXXXXXXXXXXXXXXXXXXXXXXXXXXXXXXXXXXXXXXXXX
; XXXXXXXXXXXXXXXXXXXXXXXXXXXXXXXXXXXXXXXXXXXXXXXXXXXXXXXXXXXX
; XXXXXXXXXXXXXXXXXXXXXXXXXXXXXXXXXXXXXXXXXXXXXXXXXXXXXXXXXXXX
; XXXXXXXXXXXXXXXXXXXXXXXXXXXXXXXXXXXXXXXXXXXXXXXXXXXXXXXXXXXX
; XXXXXXXXXXXXXXXXXXXXXXXXXXXXXXXXXXXXXXXXXXXXXXXXXXXXXXXXXXXX
; XXXXXXXXXXXXXXXXXXXXXXXXXXXXXXXXXXXXXXXXXXXXXXXXXXXXXXXXXXXX
; XXXXXXXXXXXXXXXXXXXXXXXXXXXXXXXXXXXXXXXXXXXXXXXXXXXXXXXXXXXX
; XXXXXXXXXXXXXXXXXXXXXXXXXXXXXXXXXXXXXXXXXXXXXXXXXXXXXXXXXXXX
; XXXXXXXXXXXXXXXXXXXXXXXXXXXXXXXXXXXXXXXXXXXXXXXXXXXXXXXXXXXX
; XXXXXXXXXXXXXXXXXXXXXXXXXXXXXXXXXXXXXXXXXXXXXXXXXXXXXXXXXXXX
; XXXXXXXXXXXXXXXXXXXXXXXXXXXXXXXXXXXXXXXXXXXXXXXXXXXXXXXXXXXX
; XXXXXXXXXXXXXXXXXXXXXXXXXXXXXXXXXXXXXXXXXXXXXXXXXXXXXXXXXXXX
; XXXXXXXXXXXXXXXXXXXXXXXXXXXXXXXXXXXXXXXXXXXXXXXXXXXXXXXXXXXX
; XXXXXXXXXXXXXXXXXXXXXXXXXXXXXXXXXXXXXXXXXXXXXXXXXXXXXXXXXXXX
; XXXXXXXXXXXXXXXXXXXXXXXXXXXXXXXXXXXXXXXXXXXXXXXXXXXXXXXXXXXX
; XXXXXXXXXXXXXXXXXXXXXXXXXXXXXXXXXXXXXXXXXXXXXXXXXXXXXXXXXXXX
; XXXXXXXXXXXXXXXXXXXXXXXXXXXXXXXXXXXXXXXXXXXXXXXXXXXXXXXXXXXX
; XXXXXXXXXXXXXXXXXXXXXXXXXXXXXXXXXXXXXXXXXXXXXXXXXXXXXXXXXXXX
; XXXXXXXXXXXXXXXXXXXXXXXXXXXXXXXXXXXXXXXXXXXXXXXXXXXXXXXXXXXX
; XXXXXXXXXXXXXXXXXXXXXXXXXXXXXXXXXXXXXXXXXXXXXXXXXXXXXXXXXXXX
; XXXXXXXXXXXXXXXXXXXXXXXXXXXXXXXXXXXXXXXXXXXXXXXXXXXXXXXXXXXX
; XXXXXXXXXXXXXXXXXXXXXXXXXXXXXXXXXXXXXXXXXXXXXXXXXXXXXXXXXXXX
; XXXXXXXXXXXXXXXXXXXXXXXXXXXXXXXXXXXXXXXXXXXXXXXXXXXXXXXXXXXX
; XXXXXXXXXXXXXXXXXXXXXXXXXXXXXXXXXXXXXXXXXXXXXXXXXXXXXXXXXXXX
; XXXXXXXXXXXXXXXXXXXXXXXXXXXXXXXXXXXXXXXXXXXXXXXXXXXXXXXXXXXX
; XXXXXXXXXXXXXXXXXXXXXXXXXXXXXXXXXXXXXXXXXXXXXXXXXXXXXXXXXXXX
